TN:
SF:bot_manager/app.js
FN:15,(anonymous_0)
FN:25,(anonymous_1)
FN:35,(anonymous_2)
FN:70,(anonymous_3)
FNF:4
FNH:3
FNDA:1,(anonymous_0)
FNDA:1,(anonymous_1)
FNDA:1,(anonymous_2)
FNDA:0,(anonymous_3)
DA:1,1
DA:2,1
DA:3,1
DA:4,1
DA:5,1
DA:6,1
DA:7,1
DA:8,1
DA:9,1
DA:10,1
DA:11,1
DA:12,1
DA:13,1
DA:15,1
DA:16,1
DA:17,1
DA:18,1
DA:19,1
DA:21,1
DA:25,1
DA:26,1
DA:27,1
DA:29,0
DA:30,0
DA:31,0
DA:35,1
DA:36,1
DA:37,1
DA:38,1
DA:41,0
DA:42,0
DA:43,0
DA:45,0
DA:48,1
DA:52,1
DA:59,1
DA:60,1
DA:61,1
DA:62,1
DA:63,1
DA:65,1
DA:68,1
DA:69,0
DA:70,0
DA:74,1
LF:45
LH:36
BRDA:29,0,0,0
BRDA:29,0,1,0
BRDA:68,1,0,0
BRDA:68,1,1,1
BRF:4
BRH:1
end_of_record
TN:
SF:bot_manager/json_schema/schema.js
FN:5,(anonymous_0)
FN:7,(anonymous_1)
FN:11,(anonymous_2)
FN:14,(anonymous_3)
FN:21,(anonymous_4)
FNF:5
FNH:4
FNDA:1,(anonymous_0)
FNDA:3,(anonymous_1)
FNDA:1,(anonymous_2)
FNDA:0,(anonymous_3)
FNDA:1,(anonymous_4)
DA:1,1
DA:2,1
DA:3,1
DA:5,1
DA:6,1
DA:7,1
DA:8,3
DA:11,1
DA:12,1
DA:13,1
DA:14,0
DA:15,0
DA:18,1
DA:21,1
DA:22,1
DA:23,1
DA:25,1
LF:17
LH:15
BRDA:13,0,0,0
BRDA:13,0,1,1
BRF:2
BRH:1
end_of_record
TN:
SF:bot_manager/routes/healthcheck.js
FN:6,(anonymous_0)
FN:14,(anonymous_1)
FNF:2
FNH:2
FNDA:1,(anonymous_0)
FNDA:1,(anonymous_1)
DA:1,1
DA:2,1
DA:3,1
DA:4,1
DA:6,1
DA:7,1
DA:14,1
DA:16,1
DA:17,1
DA:19,1
DA:20,1
DA:21,1
DA:26,1
LF:13
LH:13
BRF:0
BRH:0
end_of_record
TN:
SF:bot_manager/routes/management.js
FN:10,(anonymous_0)
FN:26,(anonymous_1)
FN:41,(anonymous_2)
FN:61,(anonymous_3)
FN:78,(anonymous_4)
FN:82,(anonymous_5)
FNF:6
FNH:1
FNDA:1,(anonymous_0)
FNDA:0,(anonymous_1)
FNDA:0,(anonymous_2)
FNDA:0,(anonymous_3)
FNDA:0,(anonymous_4)
FNDA:0,(anonymous_5)
DA:1,1
DA:2,1
DA:3,1
DA:4,1
DA:5,1
DA:6,1
DA:7,1
DA:8,1
DA:10,1
DA:11,1
DA:26,1
DA:27,0
DA:28,0
DA:29,0
DA:31,0
DA:32,0
DA:34,0
DA:35,0
DA:37,0
DA:38,0
DA:40,0
DA:41,0
DA:42,0
DA:44,0
DA:45,0
DA:51,0
DA:61,1
DA:62,0
DA:63,0
DA:64,0
DA:66,0
DA:68,0
DA:71,0
DA:72,0
DA:73,0
DA:74,0
DA:76,0
DA:77,0
DA:79,0
DA:82,0
DA:83,0
DA:89,0
DA:90,0
DA:96,0
DA:99,1
LF:45
LH:13
BRDA:42,0,0,0
BRDA:42,0,1,0
BRDA:79,1,0,0
BRDA:79,1,1,0
BRDA:83,2,0,0
BRDA:83,2,1,0
BRF:6
BRH:0
end_of_record
TN:
SF:bot_manager/routes/margin.js
FN:9,(anonymous_0)
FN:17,(anonymous_1)
FN:58,(anonymous_2)
FNF:3
FNH:1
FNDA:1,(anonymous_0)
FNDA:0,(anonymous_1)
FNDA:0,(anonymous_2)
DA:1,1
DA:2,1
DA:3,1
DA:4,1
DA:5,1
DA:6,1
DA:7,1
DA:9,1
DA:10,1
DA:17,1
DA:18,0
DA:19,0
DA:20,0
DA:22,0
DA:23,0
DA:25,0
DA:26,0
DA:27,0
DA:29,0
DA:30,0
DA:32,0
DA:33,0
DA:34,0
DA:36,0
DA:37,0
DA:42,0
DA:45,1
DA:58,1
DA:59,0
DA:61,0
DA:62,0
DA:64,0
DA:65,0
DA:67,0
DA:68,0
DA:69,0
DA:70,0
DA:73,0
DA:74,0
DA:75,0
DA:76,0
DA:77,0
DA:78,0
DA:80,0
DA:81,0
DA:82,0
DA:83,0
DA:87,0
LF:48
LH:12
BRDA:69,0,0,0
BRDA:69,0,1,0
BRDA:74,1,0,0
BRDA:74,1,1,0
BRDA:80,2,0,0
BRDA:80,2,1,0
BRF:6
BRH:0
end_of_record
TN:
SF:bot_manager/routes/orders.js
FN:9,(anonymous_0)
FN:15,(anonymous_1)
FN:73,(anonymous_2)
FNF:3
FNH:1
FNDA:1,(anonymous_0)
FNDA:0,(anonymous_1)
FNDA:0,(anonymous_2)
DA:1,1
DA:2,1
DA:3,1
DA:4,1
DA:5,1
DA:6,1
DA:7,1
DA:9,1
DA:10,1
DA:15,1
DA:16,0
DA:17,0
DA:18,0
DA:19,0
DA:21,0
DA:22,0
DA:23,0
DA:24,0
DA:28,0
DA:29,0
DA:31,0
DA:32,0
DA:34,0
DA:36,0
DA:38,0
DA:39,0
DA:40,0
DA:41,0
DA:42,0
DA:43,0
DA:44,0
DA:46,0
DA:47,0
DA:49,0
DA:50,0
DA:53,0
DA:54,0
DA:55,0
DA:56,0
DA:58,0
DA:59,0
DA:63,0
DA:64,0
DA:67,0
DA:70,1
DA:73,1
DA:74,0
DA:75,0
DA:76,0
DA:77,0
DA:81,0
DA:82,0
DA:83,0
DA:84,0
LF:54
LH:12
BRDA:41,0,0,0
BRDA:41,0,1,0
BRDA:46,1,0,0
BRDA:46,1,1,0
BRDA:49,2,0,0
BRDA:49,2,1,0
BRDA:53,3,0,0
BRDA:53,3,1,0
BRDA:55,4,0,0
BRDA:55,4,1,0
BRDA:58,5,0,0
BRDA:58,5,1,0
BRDA:82,6,0,0
BRDA:82,6,1,0
BRDA:82,7,0,0
BRDA:82,7,1,0
BRF:16
BRH:0
end_of_record
TN:
SF:bot_manager/routes/positions.js
FN:13,(anonymous_0)
FN:23,(anonymous_1)
FN:109,(anonymous_2)
FN:175,(anonymous_3)
FN:176,(anonymous_4)
FNF:5
FNH:1
FNDA:1,(anonymous_0)
FNDA:0,(anonymous_1)
FNDA:0,(anonymous_2)
FNDA:0,(anonymous_3)
FNDA:0,(anonymous_4)
DA:1,1
DA:2,1
DA:3,1
DA:5,1
DA:6,1
DA:7,1
DA:8,1
DA:9,1
DA:10,1
DA:11,1
DA:13,1
DA:14,1
DA:23,1
DA:24,0
DA:25,0
DA:27,0
DA:28,0
DA:29,0
DA:30,0
DA:33,0
DA:34,0
DA:35,0
DA:36,0
DA:37,0
DA:39,0
DA:40,0
DA:42,0
DA:44,0
DA:45,0
DA:47,0
DA:51,0
DA:52,0
DA:53,0
DA:54,0
DA:55,0
DA:56,0
DA:57,0
DA:58,0
DA:59,0
DA:60,0
DA:61,0
DA:62,0
DA:63,0
DA:66,0
DA:67,0
DA:68,0
DA:70,0
DA:74,0
DA:76,0
DA:77,0
DA:78,0
DA:79,0
DA:80,0
DA:81,0
DA:83,0
DA:84,0
DA:85,0
DA:86,0
DA:89,0
DA:90,0
DA:92,0
DA:93,0
DA:94,0
DA:95,0
DA:99,0
DA:100,0
DA:103,0
DA:106,1
DA:109,1
DA:110,0
DA:111,0
DA:113,0
DA:115,0
DA:116,0
DA:118,0
DA:119,0
DA:120,0
DA:121,0
DA:122,0
DA:123,0
DA:124,0
DA:125,0
DA:126,0
DA:127,0
DA:128,0
DA:130,0
DA:131,0
DA:132,0
DA:133,0
DA:134,0
DA:135,0
DA:136,0
DA:137,0
DA:138,0
DA:140,0
DA:141,0
DA:142,0
DA:143,0
DA:144,0
DA:145,0
DA:146,0
DA:148,0
DA:149,0
DA:150,0
DA:151,0
DA:153,0
DA:154,0
DA:155,0
DA:156,0
DA:157,0
DA:158,0
DA:160,0
DA:161,0
DA:162,0
DA:163,0
DA:164,0
DA:168,0
DA:169,0
DA:170,0
DA:171,0
DA:172,0
DA:173,0
DA:174,0
DA:175,0
DA:176,0
DA:178,0
DA:179,0
DA:180,0
DA:182,0
DA:185,0
DA:186,0
DA:187,0
DA:188,0
DA:190,0
DA:194,0
DA:195,0
DA:198,0
LF:137
LH:15
BRDA:44,0,0,0
BRDA:44,0,1,0
BRDA:67,1,0,0
BRDA:67,1,1,0
BRDA:78,2,0,0
BRDA:78,2,1,0
BRDA:83,3,0,0
BRDA:83,3,1,0
BRDA:85,4,0,0
BRDA:85,4,1,0
BRDA:89,5,0,0
BRDA:89,5,1,0
BRDA:92,6,0,0
BRDA:92,6,1,0
BRDA:94,7,0,0
BRDA:94,7,1,0
BRDA:118,8,0,0
BRDA:118,8,1,0
BRDA:119,9,0,0
BRDA:119,9,1,0
BRDA:140,10,0,0
BRDA:140,10,1,0
BRDA:141,11,0,0
BRDA:141,11,1,0
BRDA:153,12,0,0
BRDA:153,12,1,0
BRDA:154,13,0,0
BRDA:154,13,1,0
BRDA:168,14,0,0
BRDA:168,14,1,0
BRDA:179,15,0,0
BRDA:179,15,1,0
BRDA:187,16,0,0
BRDA:187,16,1,0
BRF:34
BRH:0
end_of_record
TN:
SF:bot_manager/utils/ExceptionHandler.js
FN:2,(anonymous_0)
FNF:1
FNH:0
FNDA:0,(anonymous_0)
DA:4,0
DA:6,0
DA:8,0
DA:10,0
DA:12,0
DA:14,0
DA:17,1
LF:7
LH:1
BRF:0
BRH:0
end_of_record
TN:
SF:bot_manager/utils/constants.js
FNF:0
FNH:0
DA:2,1
DA:3,1
DA:4,1
DA:5,1
DA:6,1
DA:8,1
LF:6
LH:6
BRF:0
BRH:0
end_of_record
TN:
SF:bot_manager/utils/formatErrorResponse.js
FN:4,(anonymous_0)
FNF:1
FNH:0
FNDA:0,(anonymous_0)
DA:1,1
DA:2,1
DA:4,1
DA:7,0
DA:9,0
DA:10,0
DA:12,0
DA:14,0
DA:15,0
DA:17,0
DA:18,0
DA:19,0
DA:22,0
DA:31,1
LF:14
LH:4
BRDA:9,0,0,0
BRDA:9,0,1,0
BRDA:18,1,0,0
BRDA:18,1,1,0
BRF:4
BRH:0
end_of_record
TN:
SF:bot_manager/utils/kafkaConsumer.js
FN:14,(anonymous_0)
FN:17,(anonymous_1)
FN:17,(anonymous_2)
FN:20,(anonymous_3)
FN:26,(anonymous_4)
FN:34,(anonymous_5)
FN:34,(anonymous_6)
FN:37,(anonymous_7)
FN:42,(anonymous_8)
FN:50,(anonymous_9)
FN:57,(anonymous_10)
FN:60,(anonymous_11)
FN:67,(anonymous_12)
FN:92,(anonymous_13)
FN:101,(anonymous_14)
FN:107,(anonymous_15)
FNF:16
FNH:0
FNDA:0,(anonymous_0)
FNDA:0,(anonymous_1)
FNDA:0,(anonymous_2)
FNDA:0,(anonymous_3)
FNDA:0,(anonymous_4)
FNDA:0,(anonymous_5)
FNDA:0,(anonymous_6)
FNDA:0,(anonymous_7)
FNDA:0,(anonymous_8)
FNDA:0,(anonymous_9)
FNDA:0,(anonymous_10)
FNDA:0,(anonymous_11)
FNDA:0,(anonymous_12)
FNDA:0,(anonymous_13)
FNDA:0,(anonymous_14)
FNDA:0,(anonymous_15)
DA:1,1
DA:2,1
DA:4,1
DA:5,1
DA:6,1
DA:7,1
DA:8,1
DA:9,1
DA:14,1
DA:17,1
DA:18,0
DA:20,0
DA:26,1
DA:34,1
DA:35,0
DA:37,0
DA:38,0
DA:41,0
DA:42,0
DA:43,0
DA:50,0
DA:52,0
DA:57,1
DA:60,0
DA:67,1
DA:68,0
DA:70,0
DA:92,0
DA:95,0
DA:96,0
DA:98,0
DA:101,1
DA:103,0
DA:105,0
DA:107,0
DA:109,0
DA:113,1
LF:37
LH:16
BRDA:20,0,0,0
BRDA:20,0,1,0
BRDA:41,1,0,0
BRDA:41,1,1,0
BRF:4
BRH:0
end_of_record
TN:
SF:bot_manager/utils/logger.js
FN:36,(anonymous_0)
FNF:1
FNH:1
FNDA:4,(anonymous_0)
DA:1,1
DA:4,1
DA:6,1
DA:7,1
DA:14,1
DA:16,1
DA:18,0
DA:36,1
DA:37,4
DA:38,4
DA:39,4
DA:41,4
DA:42,0
DA:43,0
DA:44,4
DA:45,0
DA:46,0
DA:47,0
DA:48,0
DA:51,0
DA:55,1
LF:21
LH:13
BRDA:38,0,0,4
BRDA:38,0,1,0
BRDA:39,1,0,4
BRDA:39,1,1,0
BRDA:41,2,0,0
BRDA:41,2,1,0
BRDA:41,2,2,4
BRDA:41,2,3,0
BRDA:41,2,4,0
BRDA:41,2,5,0
BRDA:41,2,6,0
BRF:11
BRH:3
end_of_record
TN:
SF:bot_manager/utils/database/databaseManager.js
FNF:0
FNH:0
DA:1,1
DA:3,1
DA:11,1
LF:3
LH:3
BRF:0
BRH:0
end_of_record
TN:
SF:bot_manager/utils/database/db.js
FN:13,(anonymous_0)
FN:34,(anonymous_1)
FN:54,(anonymous_2)
FN:72,(anonymous_3)
FN:85,(anonymous_4)
FN:114,(anonymous_5)
FN:124,(anonymous_6)
FN:136,(anonymous_7)
FN:151,(anonymous_8)
FN:163,(anonymous_9)
FN:174,(anonymous_10)
FN:188,(anonymous_11)
FN:200,(anonymous_12)
FN:223,(anonymous_13)
FN:235,(anonymous_14)
FN:246,(anonymous_15)
FN:263,(anonymous_16)
FN:281,(anonymous_17)
FN:306,(anonymous_18)
FN:321,(anonymous_19)
FN:340,(anonymous_20)
FN:356,(anonymous_21)
FN:368,(anonymous_22)
FN:393,(anonymous_23)
FN:409,(anonymous_24)
FN:420,(anonymous_25)
FN:431,(anonymous_26)
FN:457,(anonymous_27)
FN:467,(anonymous_28)
FN:492,(anonymous_29)
FN:502,(anonymous_30)
FN:522,(anonymous_31)
FN:532,(anonymous_32)
FN:546,(anonymous_33)
FN:562,(anonymous_34)
FN:585,(anonymous_35)
FN:599,(anonymous_36)
FNF:37
FNH:0
FNDA:0,(anonymous_0)
FNDA:0,(anonymous_1)
FNDA:0,(anonymous_2)
FNDA:0,(anonymous_3)
FNDA:0,(anonymous_4)
FNDA:0,(anonymous_5)
FNDA:0,(anonymous_6)
FNDA:0,(anonymous_7)
FNDA:0,(anonymous_8)
FNDA:0,(anonymous_9)
FNDA:0,(anonymous_10)
FNDA:0,(anonymous_11)
FNDA:0,(anonymous_12)
FNDA:0,(anonymous_13)
FNDA:0,(anonymous_14)
FNDA:0,(anonymous_15)
FNDA:0,(anonymous_16)
FNDA:0,(anonymous_17)
FNDA:0,(anonymous_18)
FNDA:0,(anonymous_19)
FNDA:0,(anonymous_20)
FNDA:0,(anonymous_21)
FNDA:0,(anonymous_22)
FNDA:0,(anonymous_23)
FNDA:0,(anonymous_24)
FNDA:0,(anonymous_25)
FNDA:0,(anonymous_26)
FNDA:0,(anonymous_27)
FNDA:0,(anonymous_28)
FNDA:0,(anonymous_29)
FNDA:0,(anonymous_30)
FNDA:0,(anonymous_31)
FNDA:0,(anonymous_32)
FNDA:0,(anonymous_33)
FNDA:0,(anonymous_34)
FNDA:0,(anonymous_35)
FNDA:0,(anonymous_36)
DA:1,1
DA:13,1
DA:14,0
DA:15,0
DA:17,0
DA:18,0
DA:21,0
DA:24,0
DA:34,1
DA:35,0
DA:36,0
DA:37,0
DA:40,0
DA:54,1
DA:55,0
DA:57,0
DA:58,0
DA:60,0
DA:72,1
DA:73,0
DA:74,0
DA:75,0
DA:77,0
DA:85,1
DA:86,0
DA:87,0
DA:88,0
DA:91,0
DA:114,1
DA:115,0
DA:116,0
DA:124,1
DA:125,0
DA:126,0
DA:136,1
DA:137,0
DA:138,0
DA:139,0
DA:140,0
DA:142,0
DA:151,1
DA:152,0
DA:154,0
DA:163,1
DA:164,0
DA:165,0
DA:174,1
DA:175,0
DA:176,0
DA:188,1
DA:189,0
DA:190,0
DA:200,1
DA:201,0
DA:203,0
DA:223,1
DA:224,0
DA:225,0
DA:235,1
DA:236,0
DA:237,0
DA:246,1
DA:247,0
DA:248,0
DA:263,1
DA:264,0
DA:265,0
DA:266,0
DA:269,0
DA:281,1
DA:282,0
DA:284,0
DA:285,0
DA:287,0
DA:289,0
DA:306,1
DA:307,0
DA:309,0
DA:321,1
DA:322,0
DA:324,0
DA:340,1
DA:341,0
DA:343,0
DA:356,1
DA:357,0
DA:358,0
DA:368,1
DA:369,0
DA:371,0
DA:372,0
DA:375,0
DA:393,1
DA:394,0
DA:395,0
DA:397,0
DA:398,0
DA:401,0
DA:409,1
DA:410,0
DA:411,0
DA:420,1
DA:421,0
DA:422,0
DA:431,1
DA:432,0
DA:434,0
DA:457,1
DA:458,0
DA:459,0
DA:467,1
DA:468,0
DA:469,0
DA:492,1
DA:493,0
DA:494,0
DA:502,1
DA:503,0
DA:504,0
DA:522,1
DA:523,0
DA:524,0
DA:532,1
DA:533,0
DA:537,0
DA:546,1
DA:547,0
DA:562,1
DA:563,0
DA:564,0
DA:585,1
DA:586,0
DA:589,0
DA:599,1
DA:600,0
DA:601,0
DA:606,1
LF:137
LH:39
BRDA:17,0,0,0
BRDA:17,0,1,0
BRDA:36,1,0,0
BRDA:36,1,1,0
BRDA:57,2,0,0
BRDA:57,2,1,0
BRDA:74,3,0,0
BRDA:74,3,1,0
BRDA:87,4,0,0
BRDA:87,4,1,0
BRDA:139,5,0,0
BRDA:139,5,1,0
BRDA:265,6,0,0
BRDA:265,6,1,0
BRDA:284,7,0,0
BRDA:284,7,1,0
BRDA:371,8,0,0
BRDA:371,8,1,0
BRDA:397,9,0,0
BRDA:397,9,1,0
BRF:20
BRH:0
end_of_record
TN:
SF:exchange_engine/app.js
FN:23,(anonymous_0)
FN:37,(anonymous_1)
FN:48,(anonymous_2)
FN:91,(anonymous_3)
FN:92,(anonymous_4)
FNF:5
FNH:3
FNDA:1,(anonymous_0)
FNDA:1,(anonymous_1)
FNDA:1,(anonymous_2)
FNDA:0,(anonymous_3)
FNDA:0,(anonymous_4)
DA:1,1
DA:2,1
DA:3,1
DA:4,1
DA:5,1
DA:6,1
DA:7,1
DA:8,1
DA:9,1
DA:10,1
DA:11,1
DA:12,1
DA:13,1
DA:14,1
DA:15,1
DA:17,1
DA:18,1
DA:19,1
DA:20,1
DA:23,1
DA:24,1
DA:26,1
DA:28,1
DA:30,1
DA:32,1
DA:37,1
DA:38,1
DA:39,1
DA:41,0
DA:42,0
DA:43,0
DA:48,1
DA:49,1
DA:50,1
DA:51,1
DA:54,0
DA:55,0
DA:56,0
DA:58,0
DA:61,1
DA:65,1
DA:77,1
DA:78,1
DA:79,1
DA:80,1
DA:81,1
DA:82,1
DA:83,1
DA:86,1
DA:89,1
DA:90,0
DA:91,0
DA:92,0
DA:95,1
LF:54
LH:44
BRDA:41,0,0,0
BRDA:41,0,1,0
BRDA:89,1,0,0
BRDA:89,1,1,1
BRF:4
BRH:1
end_of_record
TN:
SF:exchange_engine/json_schema/schema.js
FN:5,(anonymous_0)
FN:7,(anonymous_1)
FN:11,(anonymous_2)
FN:14,(anonymous_3)
FN:21,(anonymous_4)
FNF:5
FNH:4
FNDA:1,(anonymous_0)
FNDA:8,(anonymous_1)
FNDA:1,(anonymous_2)
FNDA:0,(anonymous_3)
FNDA:1,(anonymous_4)
DA:1,1
DA:2,1
DA:3,1
DA:5,1
DA:6,1
DA:7,1
DA:8,8
DA:11,1
DA:12,1
DA:13,1
DA:14,0
DA:15,0
DA:18,1
DA:21,1
DA:22,1
DA:23,1
DA:25,1
LF:17
LH:15
BRDA:13,0,0,0
BRDA:13,0,1,1
BRF:2
BRH:1
end_of_record
TN:
SF:exchange_engine/routes/backtest.js
FN:11,(anonymous_0)
FN:24,(anonymous_1)
FNF:2
FNH:1
FNDA:1,(anonymous_0)
FNDA:0,(anonymous_1)
DA:1,1
DA:2,1
DA:3,1
DA:4,1
DA:5,1
DA:6,1
DA:7,1
DA:8,1
DA:9,1
DA:11,1
DA:12,1
DA:24,1
DA:25,0
DA:27,0
DA:33,0
DA:35,0
DA:36,0
DA:38,0
DA:39,0
DA:46,0
DA:48,0
DA:49,0
DA:51,0
DA:54,0
DA:55,0
DA:57,0
DA:61,0
DA:63,0
DA:65,0
DA:67,0
DA:75,0
DA:76,0
DA:77,0
DA:80,0
DA:81,0
DA:82,0
DA:83,0
DA:86,0
DA:87,0
DA:88,0
DA:90,0
DA:91,0
DA:97,0
DA:100,1
LF:44
LH:13
BRDA:48,0,0,0
BRDA:48,0,1,0
BRDA:54,1,0,0
BRDA:54,1,1,0
BRF:4
BRH:0
end_of_record
TN:
SF:exchange_engine/routes/healthcheck.js
FN:6,(anonymous_0)
FN:14,(anonymous_1)
FNF:2
FNH:2
FNDA:1,(anonymous_0)
FNDA:1,(anonymous_1)
DA:1,1
DA:2,1
DA:3,1
DA:4,1
DA:6,1
DA:7,1
DA:14,1
DA:16,1
DA:17,1
DA:19,1
DA:20,1
DA:25,1
LF:12
LH:12
BRF:0
BRH:0
end_of_record
TN:
SF:exchange_engine/routes/keys.js
FN:8,(anonymous_0)
FN:21,(anonymous_1)
FN:50,(anonymous_2)
FNF:3
FNH:1
FNDA:1,(anonymous_0)
FNDA:0,(anonymous_1)
FNDA:0,(anonymous_2)
DA:1,1
DA:2,1
DA:3,1
DA:4,1
DA:5,1
DA:6,1
DA:8,1
DA:9,1
DA:21,1
DA:22,0
DA:23,0
DA:24,0
DA:26,0
DA:31,0
DA:32,0
DA:34,0
DA:35,0
DA:36,0
DA:50,1
DA:51,0
DA:52,0
DA:53,0
DA:55,0
DA:60,0
DA:61,0
DA:63,0
DA:65,0
DA:66,0
DA:71,1
LF:29
LH:11
BRF:0
BRH:0
end_of_record
TN:
SF:exchange_engine/routes/margin.js
FN:9,(anonymous_0)
FN:19,(anonymous_1)
FNF:2
FNH:1
FNDA:1,(anonymous_0)
FNDA:0,(anonymous_1)
DA:1,1
DA:2,1
DA:3,1
DA:4,1
DA:5,1
DA:6,1
DA:7,1
DA:9,1
DA:10,1
DA:19,1
DA:20,0
DA:24,0
DA:25,0
DA:27,0
DA:28,0
DA:30,0
DA:31,0
DA:32,0
DA:34,0
DA:37,0
DA:38,0
DA:39,0
DA:41,0
DA:42,0
DA:45,0
DA:47,0
DA:48,0
DA:53,0
DA:55,0
DA:56,0
DA:59,0
DA:62,1
LF:32
LH:11
BRDA:31,0,0,0
BRDA:31,0,1,0
BRF:2
BRH:0
end_of_record
TN:
SF:exchange_engine/routes/orders.js
FN:9,(anonymous_0)
FN:20,(anonymous_1)
FN:95,(anonymous_2)
FN:136,(anonymous_3)
FN:187,(anonymous_4)
FNF:5
FNH:1
FNDA:1,(anonymous_0)
FNDA:0,(anonymous_1)
FNDA:0,(anonymous_2)
FNDA:0,(anonymous_3)
FNDA:0,(anonymous_4)
DA:1,1
DA:2,1
DA:3,1
DA:4,1
DA:5,1
DA:6,1
DA:7,1
DA:9,1
DA:10,1
DA:20,1
DA:21,0
DA:22,0
DA:23,0
DA:25,0
DA:26,0
DA:28,0
DA:29,0
DA:32,0
DA:33,0
DA:34,0
DA:36,0
DA:39,0
DA:40,0
DA:42,0
DA:44,0
DA:46,0
DA:48,0
DA:49,0
DA:50,0
DA:53,0
DA:54,0
DA:56,0
DA:57,0
DA:58,0
DA:60,0
DA:61,0
DA:67,0
DA:68,0
DA:70,0
DA:72,0
DA:73,0
DA:76,0
DA:95,1
DA:96,0
DA:97,0
DA:98,0
DA:99,0
DA:101,0
DA:102,0
DA:104,0
DA:106,0
DA:107,0
DA:109,0
DA:111,0
DA:112,0
DA:125,0
DA:136,1
DA:137,0
DA:138,0
DA:139,0
DA:141,0
DA:143,0
DA:145,0
DA:147,0
DA:149,0
DA:150,0
DA:152,0
DA:153,0
DA:155,0
DA:156,0
DA:168,0
DA:171,1
DA:187,1
DA:188,0
DA:190,0
DA:192,0
DA:193,0
DA:196,0
DA:197,0
DA:198,0
DA:204,0
DA:209,0
LF:82
LH:14
BRDA:33,0,0,0
BRDA:33,0,1,0
BRDA:48,1,0,0
BRDA:48,1,1,0
BRDA:196,2,0,0
BRDA:196,2,1,0
BRF:6
BRH:0
end_of_record
TN:
SF:exchange_engine/routes/positions.js
FN:8,(anonymous_0)
FN:19,(anonymous_1)
FN:60,(anonymous_2)
FNF:3
FNH:1
FNDA:1,(anonymous_0)
FNDA:0,(anonymous_1)
FNDA:0,(anonymous_2)
DA:1,1
DA:2,1
DA:3,1
DA:4,1
DA:5,1
DA:6,1
DA:8,1
DA:9,1
DA:19,1
DA:20,0
DA:22,0
DA:23,0
DA:25,0
DA:26,0
DA:28,0
DA:29,0
DA:30,0
DA:32,0
DA:35,0
DA:36,0
DA:37,0
DA:39,0
DA:40,0
DA:42,0
DA:44,0
DA:45,0
DA:48,0
DA:60,1
DA:61,0
DA:63,0
DA:68,0
DA:69,0
DA:71,0
DA:74,0
DA:75,0
DA:77,0
DA:79,0
DA:81,0
DA:83,0
DA:89,0
DA:92,0
DA:93,0
DA:98,0
DA:101,1
LF:44
LH:11
BRDA:29,0,0,0
BRDA:29,0,1,0
BRDA:68,1,0,0
BRDA:68,1,1,0
BRF:4
BRH:0
end_of_record
TN:
SF:exchange_engine/routes/priceStreaming.js
FN:8,(anonymous_0)
FN:20,(anonymous_1)
FNF:2
FNH:1
FNDA:1,(anonymous_0)
FNDA:0,(anonymous_1)
DA:1,1
DA:2,1
DA:3,1
DA:4,1
DA:5,1
DA:6,1
DA:8,1
DA:9,1
DA:20,1
DA:21,0
DA:22,0
DA:23,0
DA:26,0
DA:27,0
DA:28,0
DA:29,0
DA:31,0
DA:32,0
DA:34,0
DA:35,0
DA:36,0
DA:38,0
DA:39,0
DA:40,0
DA:47,0
DA:50,1
LF:26
LH:10
BRDA:27,0,0,0
BRDA:27,0,1,0
BRF:2
BRH:0
end_of_record
TN:
SF:exchange_engine/utils/ExceptionHandler.js
FN:2,(anonymous_0)
FNF:1
FNH:0
FNDA:0,(anonymous_0)
DA:4,0
DA:6,0
DA:8,0
DA:10,0
DA:12,0
DA:14,0
DA:17,1
LF:7
LH:1
BRF:0
BRH:0
end_of_record
TN:
SF:exchange_engine/utils/constants.js
FNF:0
FNH:0
DA:2,1
DA:3,1
DA:4,1
DA:5,1
DA:6,1
DA:8,1
LF:6
LH:6
BRF:0
BRH:0
end_of_record
TN:
SF:exchange_engine/utils/formatErrorResponse.js
FN:4,(anonymous_0)
FNF:1
FNH:0
FNDA:0,(anonymous_0)
DA:1,1
DA:2,1
DA:4,1
DA:7,0
DA:9,0
DA:10,0
DA:12,0
DA:14,0
DA:15,0
DA:17,0
DA:18,0
DA:19,0
DA:22,0
DA:31,1
LF:14
LH:4
BRDA:9,0,0,0
BRDA:9,0,1,0
BRDA:18,1,0,0
BRDA:18,1,1,0
BRF:4
BRH:0
end_of_record
TN:
SF:exchange_engine/utils/kafkaProducer.js
FN:6,(anonymous_0)
FN:11,(anonymous_1)
FNF:2
FNH:0
FNDA:0,(anonymous_0)
FNDA:0,(anonymous_1)
DA:1,1
DA:2,1
DA:3,1
DA:4,1
DA:6,1
DA:7,0
DA:11,0
DA:13,0
DA:16,1
LF:9
LH:6
BRF:0
BRH:0
end_of_record
TN:
SF:exchange_engine/utils/logger.js
FN:36,(anonymous_0)
FNF:1
FNH:1
FNDA:3,(anonymous_0)
DA:1,1
DA:4,1
DA:6,1
DA:7,1
DA:14,1
DA:16,1
DA:18,0
DA:36,1
DA:37,3
DA:38,3
DA:39,3
DA:41,3
DA:42,0
DA:43,0
DA:44,3
DA:45,0
DA:46,0
DA:47,0
DA:48,0
DA:51,0
DA:55,1
LF:21
LH:13
BRDA:38,0,0,3
BRDA:38,0,1,0
BRDA:39,1,0,3
BRDA:39,1,1,0
BRDA:41,2,0,0
BRDA:41,2,1,0
BRDA:41,2,2,3
BRDA:41,2,3,0
BRDA:41,2,4,0
BRDA:41,2,5,0
BRDA:41,2,6,0
BRF:11
BRH:3
end_of_record
TN:
SF:exchange_engine/utils/timeHandler.js
FN:1,(anonymous_0)
FNF:1
FNH:0
FNDA:0,(anonymous_0)
DA:1,1
DA:2,0
DA:5,0
DA:6,0
DA:7,0
DA:9,0
DA:13,1
LF:7
LH:2
BRF:0
BRH:0
end_of_record
TN:
SF:exchange_engine/utils/database/databaseManager.js
FNF:0
FNH:0
DA:1,1
DA:3,1
DA:11,1
LF:3
LH:3
BRF:0
BRH:0
end_of_record
TN:
SF:exchange_engine/utils/database/db.js
FN:13,(anonymous_0)
FN:34,(anonymous_1)
FN:54,(anonymous_2)
FN:72,(anonymous_3)
FN:85,(anonymous_4)
FN:114,(anonymous_5)
FN:124,(anonymous_6)
FN:136,(anonymous_7)
FN:151,(anonymous_8)
FN:163,(anonymous_9)
FN:174,(anonymous_10)
FN:188,(anonymous_11)
FN:200,(anonymous_12)
FN:223,(anonymous_13)
FN:235,(anonymous_14)
FN:246,(anonymous_15)
FN:263,(anonymous_16)
FN:281,(anonymous_17)
FN:306,(anonymous_18)
FN:321,(anonymous_19)
FN:340,(anonymous_20)
FN:356,(anonymous_21)
FN:368,(anonymous_22)
FN:393,(anonymous_23)
FN:409,(anonymous_24)
FN:420,(anonymous_25)
FN:431,(anonymous_26)
FN:457,(anonymous_27)
FN:467,(anonymous_28)
FN:492,(anonymous_29)
FN:502,(anonymous_30)
FN:522,(anonymous_31)
FN:532,(anonymous_32)
FN:546,(anonymous_33)
FN:562,(anonymous_34)
FN:585,(anonymous_35)
FN:599,(anonymous_36)
FNF:37
FNH:0
FNDA:0,(anonymous_0)
FNDA:0,(anonymous_1)
FNDA:0,(anonymous_2)
FNDA:0,(anonymous_3)
FNDA:0,(anonymous_4)
FNDA:0,(anonymous_5)
FNDA:0,(anonymous_6)
FNDA:0,(anonymous_7)
FNDA:0,(anonymous_8)
FNDA:0,(anonymous_9)
FNDA:0,(anonymous_10)
FNDA:0,(anonymous_11)
FNDA:0,(anonymous_12)
FNDA:0,(anonymous_13)
FNDA:0,(anonymous_14)
FNDA:0,(anonymous_15)
FNDA:0,(anonymous_16)
FNDA:0,(anonymous_17)
FNDA:0,(anonymous_18)
FNDA:0,(anonymous_19)
FNDA:0,(anonymous_20)
FNDA:0,(anonymous_21)
FNDA:0,(anonymous_22)
FNDA:0,(anonymous_23)
FNDA:0,(anonymous_24)
FNDA:0,(anonymous_25)
FNDA:0,(anonymous_26)
FNDA:0,(anonymous_27)
FNDA:0,(anonymous_28)
FNDA:0,(anonymous_29)
FNDA:0,(anonymous_30)
FNDA:0,(anonymous_31)
FNDA:0,(anonymous_32)
FNDA:0,(anonymous_33)
FNDA:0,(anonymous_34)
FNDA:0,(anonymous_35)
FNDA:0,(anonymous_36)
DA:1,1
DA:13,1
DA:14,0
DA:15,0
DA:17,0
DA:18,0
DA:21,0
DA:24,0
DA:34,1
DA:35,0
DA:36,0
DA:37,0
DA:40,0
DA:54,1
DA:55,0
DA:57,0
DA:58,0
DA:60,0
DA:72,1
DA:73,0
DA:74,0
DA:75,0
DA:77,0
DA:85,1
DA:86,0
DA:87,0
DA:88,0
DA:91,0
DA:114,1
DA:115,0
DA:116,0
DA:124,1
DA:125,0
DA:126,0
DA:136,1
DA:137,0
DA:138,0
DA:139,0
DA:140,0
DA:142,0
DA:151,1
DA:152,0
DA:154,0
DA:163,1
DA:164,0
DA:165,0
DA:174,1
DA:175,0
DA:176,0
DA:188,1
DA:189,0
DA:190,0
DA:200,1
DA:201,0
DA:203,0
DA:223,1
DA:224,0
DA:225,0
DA:235,1
DA:236,0
DA:237,0
DA:246,1
DA:247,0
DA:248,0
DA:263,1
DA:264,0
DA:265,0
DA:266,0
DA:269,0
DA:281,1
DA:282,0
DA:284,0
DA:285,0
DA:287,0
DA:289,0
DA:306,1
DA:307,0
DA:309,0
DA:321,1
DA:322,0
DA:324,0
DA:340,1
DA:341,0
DA:343,0
DA:356,1
DA:357,0
DA:358,0
DA:368,1
DA:369,0
DA:371,0
DA:372,0
DA:375,0
DA:393,1
DA:394,0
DA:395,0
DA:397,0
DA:398,0
DA:401,0
DA:409,1
DA:410,0
DA:411,0
DA:420,1
DA:421,0
DA:422,0
DA:431,1
DA:432,0
DA:434,0
DA:457,1
DA:458,0
DA:459,0
DA:467,1
DA:468,0
DA:469,0
DA:492,1
DA:493,0
DA:494,0
DA:502,1
DA:503,0
DA:504,0
DA:522,1
DA:523,0
DA:524,0
DA:532,1
DA:533,0
DA:537,0
DA:546,1
DA:547,0
DA:562,1
DA:563,0
DA:564,0
DA:585,1
DA:586,0
DA:589,0
DA:599,1
DA:600,0
DA:601,0
DA:606,1
LF:137
LH:39
BRDA:17,0,0,0
BRDA:17,0,1,0
BRDA:36,1,0,0
BRDA:36,1,1,0
BRDA:57,2,0,0
BRDA:57,2,1,0
BRDA:74,3,0,0
BRDA:74,3,1,0
BRDA:87,4,0,0
BRDA:87,4,1,0
BRDA:139,5,0,0
BRDA:139,5,1,0
BRDA:265,6,0,0
BRDA:265,6,1,0
BRDA:284,7,0,0
BRDA:284,7,1,0
BRDA:371,8,0,0
BRDA:371,8,1,0
BRDA:397,9,0,0
BRDA:397,9,1,0
BRF:20
BRH:0
end_of_record
TN:
SF:utils/constants.js
FNF:0
FNH:0
DA:2,1
DA:3,1
DA:4,1
DA:5,1
DA:6,1
DA:8,1
LF:6
LH:6
BRF:0
BRH:0
end_of_record
TN:
SF:utils/fetcher.js
FN:3,(anonymous_0)
FN:13,(anonymous_1)
FN:17,(anonymous_2)
FN:26,(anonymous_3)
FNF:4
FNH:0
FNDA:0,(anonymous_0)
FNDA:0,(anonymous_1)
FNDA:0,(anonymous_2)
FNDA:0,(anonymous_3)
DA:1,1
DA:3,1
DA:5,0
DA:13,0
DA:14,0
DA:17,1
DA:19,0
DA:26,0
DA:27,0
DA:30,1
LF:10
LH:4
BRF:0
BRH:0
end_of_record
TN:
SF:utils/kafkaConsumer.js
FN:14,(anonymous_0)
FN:17,(anonymous_1)
FN:17,(anonymous_2)
FN:20,(anonymous_3)
FN:26,(anonymous_4)
FN:34,(anonymous_5)
FN:34,(anonymous_6)
FN:37,(anonymous_7)
FN:42,(anonymous_8)
FN:50,(anonymous_9)
FN:57,(anonymous_10)
FN:60,(anonymous_11)
FN:67,(anonymous_12)
FN:92,(anonymous_13)
FN:101,(anonymous_14)
FN:107,(anonymous_15)
FNF:16
FNH:0
FNDA:0,(anonymous_0)
FNDA:0,(anonymous_1)
FNDA:0,(anonymous_2)
FNDA:0,(anonymous_3)
FNDA:0,(anonymous_4)
FNDA:0,(anonymous_5)
FNDA:0,(anonymous_6)
FNDA:0,(anonymous_7)
FNDA:0,(anonymous_8)
FNDA:0,(anonymous_9)
FNDA:0,(anonymous_10)
FNDA:0,(anonymous_11)
FNDA:0,(anonymous_12)
FNDA:0,(anonymous_13)
FNDA:0,(anonymous_14)
FNDA:0,(anonymous_15)
DA:1,1
DA:2,1
DA:4,1
DA:5,1
DA:6,1
DA:7,1
DA:8,1
DA:9,1
DA:14,1
DA:17,1
DA:18,0
DA:20,0
DA:26,1
DA:34,1
DA:35,0
DA:37,0
DA:38,0
DA:41,0
DA:42,0
DA:43,0
DA:50,0
DA:52,0
DA:57,1
DA:60,0
DA:67,1
DA:68,0
DA:70,0
DA:92,0
DA:95,0
DA:96,0
DA:98,0
DA:101,1
DA:103,0
DA:105,0
DA:107,0
DA:109,0
DA:113,1
LF:37
LH:16
BRDA:20,0,0,0
BRDA:20,0,1,0
BRDA:41,1,0,0
BRDA:41,1,1,0
BRF:4
BRH:0
end_of_record
TN:
SF:utils/logger.js
FN:36,(anonymous_0)
FNF:1
FNH:0
FNDA:0,(anonymous_0)
DA:1,1
DA:4,1
DA:6,1
DA:7,1
DA:14,1
DA:16,1
DA:18,0
DA:36,1
DA:37,0
DA:38,0
DA:39,0
DA:41,0
DA:42,0
DA:43,0
DA:44,0
DA:45,0
DA:46,0
DA:47,0
DA:48,0
DA:51,0
DA:55,1
LF:21
LH:8
BRDA:38,0,0,0
BRDA:38,0,1,0
BRDA:39,1,0,0
BRDA:39,1,1,0
BRDA:41,2,0,0
BRDA:41,2,1,0
BRDA:41,2,2,0
BRDA:41,2,3,0
BRDA:41,2,4,0
BRDA:41,2,5,0
BRDA:41,2,6,0
BRF:11
BRH:0
end_of_record
TN:
SF:utils/database/databaseManager.js
FNF:0
FNH:0
DA:1,1
DA:3,1
DA:11,1
LF:3
LH:3
BRF:0
BRH:0
end_of_record
TN:
SF:utils/database/db.js
FN:13,(anonymous_0)
FN:34,(anonymous_1)
FN:54,(anonymous_2)
FN:72,(anonymous_3)
FN:85,(anonymous_4)
FN:114,(anonymous_5)
FN:124,(anonymous_6)
FN:136,(anonymous_7)
FN:151,(anonymous_8)
FN:163,(anonymous_9)
FN:174,(anonymous_10)
FN:188,(anonymous_11)
FN:200,(anonymous_12)
FN:223,(anonymous_13)
FN:235,(anonymous_14)
FN:246,(anonymous_15)
FN:263,(anonymous_16)
FN:281,(anonymous_17)
FN:306,(anonymous_18)
FN:321,(anonymous_19)
FN:340,(anonymous_20)
FN:356,(anonymous_21)
FN:368,(anonymous_22)
FN:393,(anonymous_23)
FN:409,(anonymous_24)
FN:420,(anonymous_25)
FN:431,(anonymous_26)
FN:457,(anonymous_27)
FN:467,(anonymous_28)
FN:492,(anonymous_29)
FN:502,(anonymous_30)
FN:522,(anonymous_31)
FN:532,(anonymous_32)
FN:546,(anonymous_33)
FN:562,(anonymous_34)
FN:585,(anonymous_35)
FN:599,(anonymous_36)
FNF:37
FNH:0
FNDA:0,(anonymous_0)
FNDA:0,(anonymous_1)
FNDA:0,(anonymous_2)
FNDA:0,(anonymous_3)
FNDA:0,(anonymous_4)
FNDA:0,(anonymous_5)
FNDA:0,(anonymous_6)
FNDA:0,(anonymous_7)
FNDA:0,(anonymous_8)
FNDA:0,(anonymous_9)
FNDA:0,(anonymous_10)
FNDA:0,(anonymous_11)
FNDA:0,(anonymous_12)
FNDA:0,(anonymous_13)
FNDA:0,(anonymous_14)
FNDA:0,(anonymous_15)
FNDA:0,(anonymous_16)
FNDA:0,(anonymous_17)
FNDA:0,(anonymous_18)
FNDA:0,(anonymous_19)
FNDA:0,(anonymous_20)
FNDA:0,(anonymous_21)
FNDA:0,(anonymous_22)
FNDA:0,(anonymous_23)
FNDA:0,(anonymous_24)
FNDA:0,(anonymous_25)
FNDA:0,(anonymous_26)
FNDA:0,(anonymous_27)
FNDA:0,(anonymous_28)
FNDA:0,(anonymous_29)
FNDA:0,(anonymous_30)
FNDA:0,(anonymous_31)
FNDA:0,(anonymous_32)
FNDA:0,(anonymous_33)
FNDA:0,(anonymous_34)
FNDA:0,(anonymous_35)
FNDA:0,(anonymous_36)
DA:1,1
DA:13,1
DA:14,0
DA:15,0
DA:17,0
DA:18,0
DA:21,0
DA:24,0
DA:34,1
DA:35,0
DA:36,0
DA:37,0
DA:40,0
DA:54,1
DA:55,0
DA:57,0
DA:58,0
DA:60,0
DA:72,1
DA:73,0
DA:74,0
DA:75,0
DA:77,0
DA:85,1
DA:86,0
DA:87,0
DA:88,0
DA:91,0
DA:114,1
DA:115,0
DA:116,0
DA:124,1
DA:125,0
DA:126,0
DA:136,1
DA:137,0
DA:138,0
DA:139,0
DA:140,0
DA:142,0
DA:151,1
DA:152,0
DA:154,0
DA:163,1
DA:164,0
DA:165,0
DA:174,1
DA:175,0
DA:176,0
DA:188,1
DA:189,0
DA:190,0
DA:200,1
DA:201,0
DA:203,0
DA:223,1
DA:224,0
DA:225,0
DA:235,1
DA:236,0
DA:237,0
DA:246,1
DA:247,0
DA:248,0
DA:263,1
DA:264,0
DA:265,0
DA:266,0
DA:269,0
DA:281,1
DA:282,0
DA:284,0
DA:285,0
DA:287,0
DA:289,0
DA:306,1
DA:307,0
DA:309,0
DA:321,1
DA:322,0
DA:324,0
DA:340,1
DA:341,0
DA:343,0
DA:356,1
DA:357,0
DA:358,0
DA:368,1
DA:369,0
DA:371,0
DA:372,0
DA:375,0
DA:393,1
DA:394,0
DA:395,0
DA:397,0
DA:398,0
DA:401,0
DA:409,1
DA:410,0
DA:411,0
DA:420,1
DA:421,0
DA:422,0
DA:431,1
DA:432,0
DA:434,0
DA:457,1
DA:458,0
DA:459,0
DA:467,1
DA:468,0
DA:469,0
DA:492,1
DA:493,0
DA:494,0
DA:502,1
DA:503,0
DA:504,0
DA:522,1
DA:523,0
DA:524,0
DA:532,1
DA:533,0
DA:537,0
DA:546,1
DA:547,0
DA:562,1
DA:563,0
DA:564,0
DA:585,1
DA:586,0
DA:589,0
DA:599,1
DA:600,0
DA:601,0
DA:606,1
LF:137
LH:39
BRDA:17,0,0,0
BRDA:17,0,1,0
BRDA:36,1,0,0
BRDA:36,1,1,0
BRDA:57,2,0,0
BRDA:57,2,1,0
BRDA:74,3,0,0
BRDA:74,3,1,0
BRDA:87,4,0,0
BRDA:87,4,1,0
BRDA:139,5,0,0
BRDA:139,5,1,0
BRDA:265,6,0,0
BRDA:265,6,1,0
BRDA:284,7,0,0
BRDA:284,7,1,0
BRDA:371,8,0,0
BRDA:371,8,1,0
BRDA:397,9,0,0
BRDA:397,9,1,0
BRF:20
BRH:0
end_of_record
